Build started 2016-01-03 19:14:59.
     1>Project "C:\Users\Rikard\Documents\GitHub\Slutprojekt\Slutprojekt\Slutprojekt.vcxproj" on node 2 (build target(s)).
     1>InitializeBuildStatus:
         Creating "Debug\Slutprojekt.unsuccessfulbuild" because "AlwaysCreate" was specified.
       ClCompile:
         C:\Program Files (x86)\Microsoft Visual Studio 10.0\VC\bin\CL.exe /c /ZI /nologo /W3 /WX- /Od /Oy- /D WIN32 /D _DEBUG /D _CONSOLE /D _UNICODE /D UNICODE /Gm /EHsc /RTC1 /MDd /GS /fp:precise /Zc:wchar_t /Zc:forScope /Fo"Debug\\" /Fd"Debug\vc100.pdb" /Gd /TP /analyze- /errorReport:prompt sortList.cpp
         sortList.cpp
       ManifestResourceCompile:
         All outputs are up-to-date.
       Link:
         C:\Program Files (x86)\Microsoft Visual Studio 10.0\VC\bin\link.exe /ERRORREPORT:PROMPT /OUT:"C:\Users\Rikard\Documents\GitHub\Slutprojekt\Debug\Slutprojekt.exe" /INCREMENTAL /NOLOGO kernel32.lib user32.lib gdi32.lib winspool.lib comdlg32.lib advapi32.lib shell32.lib ole32.lib oleaut32.lib uuid.lib odbc32.lib odbccp32.lib /MANIFEST /ManifestFile:"Debug\Slutprojekt.exe.intermediate.manifest" /MANIFESTUAC:"level='asInvoker' uiAccess='false'" /DEBUG /PDB:"C:\Users\Rikard\Documents\GitHub\Slutprojekt\Debug\Slutprojekt.pdb" /SUBSYSTEM:CONSOLE /TLBID:1 /DYNAMICBASE /NXCOMPAT /IMPLIB:"C:\Users\Rikard\Documents\GitHub\Slutprojekt\Debug\Slutprojekt.lib" /MACHINE:X86 Debug\Slutprojekt.exe.embed.manifest.res
         Debug\addPerson.obj
         Debug\main.obj
         Debug\menu.obj
         Debug\openList.obj
         Debug\randomizeList.obj
         Debug\removePerson.obj
         Debug\saveList.obj
         Debug\searchList.obj
         Debug\showList.obj
         Debug\sortList.obj
       Manifest:
         C:\Program Files (x86)\Microsoft SDKs\Windows\v7.0A\bin\mt.exe /nologo /verbose /out:"Debug\Slutprojekt.exe.embed.manifest" /manifest Debug\Slutprojekt.exe.intermediate.manifest
         All outputs are up-to-date.
       LinkEmbedManifest:
         All outputs are up-to-date.
         Slutprojekt.vcxproj -> C:\Users\Rikard\Documents\GitHub\Slutprojekt\Debug\Slutprojekt.exe
       FinalizeBuildStatus:
         Deleting file "Debug\Slutprojekt.unsuccessfulbuild".
         Touching "Debug\Slutprojekt.lastbuildstate".
     1>Done Building Project "C:\Users\Rikard\Documents\GitHub\Slutprojekt\Slutprojekt\Slutprojekt.vcxproj" (build target(s)).

Build succeeded.

Time Elapsed 00:00:00.89
